<?xml version="1.0" encoding="UTF-8"?>
<!-- Generated by org.testng.reporters.JUnitReportReporter -->
<testsuite hostname="DESKTOP-MPU6F8C" failures="0" tests="3" name="practice.DataProviderPracticeTest" time="0.008" errors="0" timestamp="23 Dec 2021 12:22:59 GMT" skipped="0">
  <testcase classname="practice.DataProviderPracticeTest" name="readDataProviderTest" time="0.007"/>
  <testcase classname="practice.DataProviderPracticeTest" name="readDataProviderTest" time="0.001"/>
  <testcase classname="practice.DataProviderPracticeTest" name="readDataProviderTest" time="0.000"/>
</testsuite> <!-- practice.DataProviderPracticeTest -->
