<?xml version="1.0" encoding="UTF-8"?>
<!-- Generated by org.testng.reporters.JUnitReportReporter -->
<testsuite hostname="DESKTOP-MPU6F8C" failures="0" tests="5" name="practice.NewPrgmDataProviderTest" time="0.016" errors="0" timestamp="2021-12-24T10:22:58 IST" skipped="0">
  <testcase classname="practice.NewPrgmDataProviderTest" name="NewPgrmProviderTest" time="0.001"/>
  <system-out/>
  <testcase classname="practice.NewPrgmDataProviderTest" name="NewPgrmProviderTest" time="0.001"/>
  <system-out/>
  <testcase classname="practice.NewPrgmDataProviderTest" name="NewPgrmProviderTest" time="0.011"/>
  <system-out/>
  <testcase classname="practice.NewPrgmDataProviderTest" name="NewPgrmProviderTest" time="0.001"/>
  <system-out/>
  <testcase classname="practice.NewPrgmDataProviderTest" name="NewPgrmProviderTest" time="0.002"/>
  <system-out/>
</testsuite> <!-- practice.NewPrgmDataProviderTest -->
