<?xml version="1.0" encoding="UTF-8"?>
<!-- Generated by org.testng.reporters.JUnitReportReporter -->
<testsuite hostname="DESKTOP-MPU6F8C" failures="0" tests="1" name="com.crm.autodesk.orgtest.CreateOrg" time="16.691" errors="0" timestamp="2021-12-27T16:06:34 IST" skipped="0">
  <testcase classname="com.crm.autodesk.orgtest.CreateOrg" name="createOrgTest" time="16.691"/>
  <system-out/>
</testsuite> <!-- com.crm.autodesk.orgtest.CreateOrg -->
