<?xml version="1.0" encoding="UTF-8"?>
<!-- Generated by org.testng.reporters.JUnitReportReporter -->
<testsuite hostname="DESKTOP-MPU6F8C" failures="0" tests="2" name="com.crm.autodesk.orgtest.OrgWitIndustryandType" time="16.933" errors="0" timestamp="2021-12-28T11:23:02 IST" skipped="0">
  <testcase classname="com.crm.autodesk.orgtest.OrgWitIndustryandType" name="orgWithIndusytryandTypeTest" time="13.439"/>
  <system-out>
    <![CDATA[industry created
type  created]]>
  </system-out>
  <testcase classname="com.crm.autodesk.orgtest.OrgWitIndustryandType" name="createOrgDemoTest" time="3.494"/>
  <system-out/>
</testsuite> <!-- com.crm.autodesk.orgtest.OrgWitIndustryandType -->
