<?xml version="1.0" encoding="UTF-8"?>
<!-- Generated by org.testng.reporters.JUnitReportReporter -->
<testsuite hostname="DESKTOP-MPU6F8C" failures="0" tests="1" name="com.crm.autodesk.orgtest.CreateOrganizationWithEmailOptOut" time="17.250" errors="0" timestamp="2021-12-27T16:31:04 IST" skipped="0">
  <testcase classname="com.crm.autodesk.orgtest.CreateOrganizationWithEmailOptOut" name="CreateOrganizationWithEmailOptOutTest" time="17.250"/>
  <system-out>
    <![CDATA[worked]]>
  </system-out>
</testsuite> <!-- com.crm.autodesk.orgtest.CreateOrganizationWithEmailOptOut -->
